2015/12/18 11:12:31 にビルドを開始しました。
     1>ノード 2 上のプロジェクト "C:\Users\yuto\Documents\Visual Studio 2010\Projects\Image3\Image3.vcxproj" (build ターゲット)。
     1>InitializeBuildStatus:
         "AlwaysCreate" が指定されたため "x64\Debug\Image3.unsuccessfulbuild" を作成しています。
       ClCompile:
         c:\Program Files (x86)\Microsoft Visual Studio 10.0\VC\bin\x86_amd64\CL.exe /c /Zi /nologo /W3 /WX- /Od /D WIN32 /D _DEBUG /D _CONSOLE /D _UNICODE /D UNICODE /Gm /EHsc /RTC1 /MDd /GS /fp:precise /Zc:wchar_t /Zc:forScope /Fo"x64\Debug\\" /Fd"x64\Debug\vc100.pdb" /Gd /TP /errorReport:prompt main.cpp
         main.cpp
     1>main.cpp(111): warning C4101: 'length' : ローカル変数は 1 度も使われていません。
       ManifestResourceCompile:
         すべての出力が最新のものです。
       Link:
         c:\Program Files (x86)\Microsoft Visual Studio 10.0\VC\bin\x86_amd64\link.exe /ERRORREPORT:PROMPT /OUT:"C:\Users\yuto\Documents\Visual Studio 2010\Projects\Image3\x64\Debug\Image3.exe" /INCREMENTAL /NOLOGO kernel32.lib user32.lib gdi32.lib winspool.lib comdlg32.lib advapi32.lib shell32.lib ole32.lib oleaut32.lib uuid.lib odbc32.lib odbccp32.lib /MANIFEST /ManifestFile:"x64\Debug\Image3.exe.intermediate.manifest" /MANIFESTUAC:"level='asInvoker' uiAccess='false'" /DEBUG /PDB:"C:\Users\yuto\Documents\Visual Studio 2010\Projects\Image3\x64\Debug\Image3.pdb" /SUBSYSTEM:CONSOLE /TLBID:1 /DYNAMICBASE /NXCOMPAT /IMPLIB:"C:\Users\yuto\Documents\Visual Studio 2010\Projects\Image3\x64\Debug\Image3.lib" /MACHINE:X64 x64\Debug\Image3.exe.embed.manifest.res
         x64\Debug\main.obj
         Image3.vcxproj -> C:\Users\yuto\Documents\Visual Studio 2010\Projects\Image3\x64\Debug\Image3.exe
       Manifest:
         C:\Program Files (x86)\Microsoft SDKs\Windows\v7.0A\bin\mt.exe /nologo /verbose /out:"x64\Debug\Image3.exe.embed.manifest" /manifest x64\Debug\Image3.exe.intermediate.manifest
         すべての出力が最新のものです。
       LinkEmbedManifest:
         すべての出力が最新のものです。
         Image3.vcxproj -> C:\Users\yuto\Documents\Visual Studio 2010\Projects\Image3\x64\Debug\Image3.exe
       FinalizeBuildStatus:
         ファイル "x64\Debug\Image3.unsuccessfulbuild" を削除しています。
         "x64\Debug\Image3.lastbuildstate" のタッチ タスクを実行しています。
     1>プロジェクト "C:\Users\yuto\Documents\Visual Studio 2010\Projects\Image3\Image3.vcxproj" (build ターゲット) のビルドが完了しました。

ビルドに成功しました。

経過時間 00:00:02.07
